<?xml version="1.0" encoding="UTF-8"?>
<!-- Generated by org.testng.reporters.JUnitReportReporter -->
<testsuite skipped="0" hostname="DESKTOP-I6T4BAQ" name="runner.TestRunner" tests="1" failures="0" timestamp="21 Jul 2020 06:29:49 GMT" time="12.806" errors="0">
  <testcase name="runScenario" time="12.806" classname="runner.TestRunner"/>
</testsuite> <!-- runner.TestRunner -->
